#! /usr/remote/bin/vvp
:ivl_version "10.1 (stable)";
:ivl_delay_selection "TYPICAL";
:vpi_time_precision + 0;
:vpi_module "system";
:vpi_module "vhdl_sys";
:vpi_module "v2005_math";
:vpi_module "va_math";
S_0x25ffd90 .scope module, "jumptest" "jumptest" 2 21;
 .timescale 0 0;
v0x261b080_0 .net "PC", 31 0, v0x261a690_0;  1 drivers
v0x261b1b0_0 .var "PCCon", 31 0;
v0x261b2c0_0 .var "PCPlus4", 31 0;
v0x261b360_0 .var "instr", 31 0;
v0x261b400_0 .var "jump", 0 0;
S_0x25f78a0 .scope module, "j" "jump" 2 27, 2 1 0, S_0x25ffd90;
 .timescale 0 0;
    .port_info 0 /INPUT 32 "instr"
    .port_info 1 /INPUT 32 "PCPlus4"
    .port_info 2 /INPUT 32 "PCCon"
    .port_info 3 /INPUT 1 "jump"
    .port_info 4 /OUTPUT 32 "PC"
v0x261a8f0_0 .net "PC", 31 0, v0x261a690_0;  alias, 1 drivers
v0x261a9d0_0 .net "PCCon", 31 0, v0x261b1b0_0;  1 drivers
v0x261aaa0_0 .var "PCHigh", 3 0;
v0x261ab70_0 .var "PCLow", 27 0;
v0x261ac50_0 .var "PCNew", 31 0;
v0x261ad60_0 .net "PCPlus4", 31 0, v0x261b2c0_0;  1 drivers
v0x261ae20_0 .net "instr", 31 0, v0x261b360_0;  1 drivers
v0x261af00_0 .net "jump", 0 0, v0x261b400_0;  1 drivers
E_0x25fc630/0 .event edge, v0x261aaa0_0, v0x261ab70_0, v0x261a5b0_0, v0x261ad60_0;
E_0x25fc630/1 .event edge, v0x261ae20_0;
E_0x25fc630 .event/or E_0x25fc630/0, E_0x25fc630/1;
S_0x25fa670 .scope module, "mux" "mux" 2 11, 3 1 0, S_0x25f78a0;
 .timescale 0 0;
    .port_info 0 /INPUT 32 "in1"
    .port_info 1 /INPUT 32 "in2"
    .port_info 2 /INPUT 1 "select"
    .port_info 3 /OUTPUT 32 "out"
v0x25fa870_0 .net "in1", 31 0, v0x261b1b0_0;  alias, 1 drivers
v0x261a5b0_0 .net "in2", 31 0, v0x261ac50_0;  1 drivers
v0x261a690_0 .var "out", 31 0;
v0x261a780_0 .net "select", 0 0, v0x261b400_0;  alias, 1 drivers
E_0x25fd180 .event edge, v0x261a780_0, v0x25fa870_0, v0x261a5b0_0;
S_0x25fff10 .scope module, "mux_5" "mux_5" 3 37;
 .timescale 0 0;
    .port_info 0 /INPUT 5 "in1"
    .port_info 1 /INPUT 5 "in2"
    .port_info 2 /INPUT 1 "select"
    .port_info 3 /OUTPUT 5 "out"
o0x7f3ecd0d3348 .functor BUFZ 5, C4<zzzzz>; HiZ drive
v0x261b5a0_0 .net "in1", 4 0, o0x7f3ecd0d3348;  0 drivers
o0x7f3ecd0d3378 .functor BUFZ 5, C4<zzzzz>; HiZ drive
v0x261b6a0_0 .net "in2", 4 0, o0x7f3ecd0d3378;  0 drivers
v0x261b780_0 .var "out", 4 0;
o0x7f3ecd0d33d8 .functor BUFZ 1, C4<z>; HiZ drive
v0x261b840_0 .net "select", 0 0, o0x7f3ecd0d33d8;  0 drivers
E_0x261b540 .event edge, v0x261b840_0, v0x261b5a0_0, v0x261b6a0_0;
S_0x2602f20 .scope module, "mux_ini" "mux_ini" 3 25;
 .timescale 0 0;
    .port_info 0 /INPUT 32 "in1"
    .port_info 1 /INPUT 32 "in2"
    .port_info 2 /INPUT 1 "select"
    .port_info 3 /OUTPUT 32 "out"
o0x7f3ecd0d34c8 .functor BUFZ 32, C4<zzzzzzzzzzzzzzzzzzzzzzzzzzzzzzzz>; HiZ drive
v0x261ba00_0 .net "in1", 31 0, o0x7f3ecd0d34c8;  0 drivers
o0x7f3ecd0d34f8 .functor BUFZ 32, C4<zzzzzzzzzzzzzzzzzzzzzzzzzzzzzzzz>; HiZ drive
v0x261bb00_0 .net "in2", 31 0, o0x7f3ecd0d34f8;  0 drivers
v0x261bbe0_0 .var "out", 31 0;
o0x7f3ecd0d3558 .functor BUFZ 1, C4<z>; HiZ drive
v0x261bca0_0 .net "select", 0 0, o0x7f3ecd0d3558;  0 drivers
E_0x261b980 .event edge, v0x261bca0_0, v0x261ba00_0, v0x261bb00_0;
S_0x26030a0 .scope module, "threemux" "threemux" 3 59;
 .timescale 0 0;
    .port_info 0 /INPUT 32 "in1"
    .port_info 1 /INPUT 32 "in2"
    .port_info 2 /INPUT 32 "in3"
    .port_info 3 /INPUT 2 "select"
    .port_info 4 /OUTPUT 32 "out"
o0x7f3ecd0d3648 .functor BUFZ 32, C4<zzzzzzzzzzzzzzzzzzzzzzzzzzzzzzzz>; HiZ drive
v0x261be70_0 .net "in1", 31 0, o0x7f3ecd0d3648;  0 drivers
o0x7f3ecd0d3678 .functor BUFZ 32, C4<zzzzzzzzzzzzzzzzzzzzzzzzzzzzzzzz>; HiZ drive
v0x261bf70_0 .net "in2", 31 0, o0x7f3ecd0d3678;  0 drivers
o0x7f3ecd0d36a8 .functor BUFZ 32, C4<zzzzzzzzzzzzzzzzzzzzzzzzzzzzzzzz>; HiZ drive
v0x261c050_0 .net "in3", 31 0, o0x7f3ecd0d36a8;  0 drivers
v0x261c140_0 .var "out", 31 0;
o0x7f3ecd0d3708 .functor BUFZ 2, C4<zz>; HiZ drive
v0x261c220_0 .net "select", 1 0, o0x7f3ecd0d3708;  0 drivers
E_0x261be10 .event edge, v0x261c220_0, v0x261be70_0, v0x261bf70_0, v0x261c050_0;
S_0x25f7670 .scope module, "threemux5" "threemux5" 3 45;
 .timescale 0 0;
    .port_info 0 /INPUT 5 "in1"
    .port_info 1 /INPUT 5 "in2"
    .port_info 2 /INPUT 5 "in3"
    .port_info 3 /INPUT 2 "select"
    .port_info 4 /OUTPUT 5 "out"
o0x7f3ecd0d3828 .functor BUFZ 5, C4<zzzzz>; HiZ drive
v0x261c450_0 .net "in1", 4 0, o0x7f3ecd0d3828;  0 drivers
o0x7f3ecd0d3858 .functor BUFZ 5, C4<zzzzz>; HiZ drive
v0x261c550_0 .net "in2", 4 0, o0x7f3ecd0d3858;  0 drivers
o0x7f3ecd0d3888 .functor BUFZ 5, C4<zzzzz>; HiZ drive
v0x261c630_0 .net "in3", 4 0, o0x7f3ecd0d3888;  0 drivers
v0x261c720_0 .var "out", 4 0;
o0x7f3ecd0d38e8 .functor BUFZ 2, C4<zz>; HiZ drive
v0x261c800_0 .net "select", 1 0, o0x7f3ecd0d38e8;  0 drivers
E_0x261c3f0 .event edge, v0x261c800_0, v0x261c450_0, v0x261c550_0, v0x261c630_0;
    .scope S_0x25fa670;
T_0 ;
    %wait E_0x25fd180;
    %load/vec4 v0x261a780_0;
    %nor/r;
    %flag_set/vec4 8;
    %jmp/0 T_0.0, 8;
    %load/vec4 v0x25fa870_0;
    %jmp/1 T_0.1, 8;
T_0.0 ; End of true expr.
    %load/vec4 v0x261a5b0_0;
    %jmp/0 T_0.1, 8;
 ; End of false expr.
    %blend;
T_0.1;
    %store/vec4 v0x261a690_0, 0, 32;
    %jmp T_0;
    .thread T_0, $push;
    .scope S_0x25f78a0;
T_1 ;
    %wait E_0x25fc630;
    %vpi_call 2 13 "$monitor", "%x,%x,%x", v0x261aaa0_0, v0x261ab70_0, v0x261ac50_0 {0 0 0};
    %load/vec4 v0x261ad60_0;
    %parti/s 4, 28, 6;
    %store/vec4 v0x261aaa0_0, 0, 4;
    %load/vec4 v0x261ae20_0;
    %parti/s 26, 0, 2;
    %pad/u 28;
    %store/vec4 v0x261ab70_0, 0, 28;
    %load/vec4 v0x261ab70_0;
    %ix/load 4, 2, 0;
    %flag_set/imm 4, 0;
    %shiftl 4;
    %store/vec4 v0x261ab70_0, 0, 28;
    %load/vec4 v0x261aaa0_0;
    %load/vec4 v0x261ab70_0;
    %concat/vec4; draw_concat_vec4
    %store/vec4 v0x261ac50_0, 0, 32;
    %jmp T_1;
    .thread T_1, $push;
    .scope S_0x25ffd90;
T_2 ;
    %pushi/vec4 202375176, 0, 32;
    %store/vec4 v0x261b360_0, 0, 32;
    %end;
    .thread T_2;
    .scope S_0x25ffd90;
T_3 ;
    %pushi/vec4 4194412, 0, 32;
    %store/vec4 v0x261b2c0_0, 0, 32;
    %end;
    .thread T_3;
    .scope S_0x25ffd90;
T_4 ;
    %pushi/vec4 4194412, 0, 32;
    %store/vec4 v0x261b1b0_0, 0, 32;
    %end;
    .thread T_4;
    .scope S_0x25ffd90;
T_5 ;
    %pushi/vec4 1, 0, 1;
    %store/vec4 v0x261b400_0, 0, 1;
    %end;
    .thread T_5;
    .scope S_0x25ffd90;
T_6 ;
    %end;
    .thread T_6;
    .scope S_0x25fff10;
T_7 ;
    %wait E_0x261b540;
    %load/vec4 v0x261b840_0;
    %nor/r;
    %flag_set/vec4 8;
    %jmp/0 T_7.0, 8;
    %load/vec4 v0x261b5a0_0;
    %jmp/1 T_7.1, 8;
T_7.0 ; End of true expr.
    %load/vec4 v0x261b6a0_0;
    %jmp/0 T_7.1, 8;
 ; End of false expr.
    %blend;
T_7.1;
    %store/vec4 v0x261b780_0, 0, 5;
    %jmp T_7;
    .thread T_7, $push;
    .scope S_0x2602f20;
T_8 ;
    %pushi/vec4 4194352, 0, 32;
    %assign/vec4 v0x261bbe0_0, 0;
    %end;
    .thread T_8;
    .scope S_0x2602f20;
T_9 ;
    %wait E_0x261b980;
    %load/vec4 v0x261bca0_0;
    %nor/r;
    %flag_set/vec4 8;
    %jmp/0 T_9.0, 8;
    %load/vec4 v0x261ba00_0;
    %jmp/1 T_9.1, 8;
T_9.0 ; End of true expr.
    %load/vec4 v0x261bb00_0;
    %jmp/0 T_9.1, 8;
 ; End of false expr.
    %blend;
T_9.1;
    %store/vec4 v0x261bbe0_0, 0, 32;
    %jmp T_9;
    .thread T_9, $push;
    .scope S_0x26030a0;
T_10 ;
    %wait E_0x261be10;
    %load/vec4 v0x261c220_0;
    %dup/vec4;
    %pushi/vec4 0, 0, 2;
    %cmp/u;
    %jmp/1 T_10.0, 6;
    %dup/vec4;
    %pushi/vec4 1, 0, 2;
    %cmp/u;
    %jmp/1 T_10.1, 6;
    %dup/vec4;
    %pushi/vec4 2, 0, 2;
    %cmp/u;
    %jmp/1 T_10.2, 6;
    %vpi_call 3 69 "$display", "Error in threemux" {0 0 0};
    %jmp T_10.4;
T_10.0 ;
    %load/vec4 v0x261be70_0;
    %store/vec4 v0x261c140_0, 0, 32;
    %jmp T_10.4;
T_10.1 ;
    %load/vec4 v0x261bf70_0;
    %store/vec4 v0x261c140_0, 0, 32;
    %jmp T_10.4;
T_10.2 ;
    %load/vec4 v0x261c050_0;
    %store/vec4 v0x261c140_0, 0, 32;
    %jmp T_10.4;
T_10.4 ;
    %pop/vec4 1;
    %jmp T_10;
    .thread T_10, $push;
    .scope S_0x25f7670;
T_11 ;
    %wait E_0x261c3f0;
    %load/vec4 v0x261c800_0;
    %dup/vec4;
    %pushi/vec4 0, 0, 2;
    %cmp/u;
    %jmp/1 T_11.0, 6;
    %dup/vec4;
    %pushi/vec4 1, 0, 2;
    %cmp/u;
    %jmp/1 T_11.1, 6;
    %dup/vec4;
    %pushi/vec4 2, 0, 2;
    %cmp/u;
    %jmp/1 T_11.2, 6;
    %vpi_call 3 55 "$display", "Error in threemux" {0 0 0};
    %jmp T_11.4;
T_11.0 ;
    %load/vec4 v0x261c450_0;
    %store/vec4 v0x261c720_0, 0, 5;
    %jmp T_11.4;
T_11.1 ;
    %load/vec4 v0x261c550_0;
    %store/vec4 v0x261c720_0, 0, 5;
    %jmp T_11.4;
T_11.2 ;
    %load/vec4 v0x261c630_0;
    %store/vec4 v0x261c720_0, 0, 5;
    %jmp T_11.4;
T_11.4 ;
    %pop/vec4 1;
    %jmp T_11;
    .thread T_11, $push;
# The file index is used to find the file name in the following table.
:file_names 4;
    "N/A";
    "<interactive>";
    "jump.v";
    "mux.v";
