#! /usr/remote/bin/vvp
:ivl_version "10.1 (stable)";
:ivl_delay_selection "TYPICAL";
:vpi_time_precision + 0;
:vpi_module "system";
:vpi_module "vhdl_sys";
:vpi_module "v2005_math";
:vpi_module "va_math";
S_0x1378f60 .scope module, "imtest" "imtest" 2 23;
 .timescale 0 0;
v0x13a0d50_0 .var "clk", 0 0;
v0x13a0df0_0 .net "memout", 31 0, L_0x13a0fc0;  1 drivers
v0x13a0ec0_0 .var "read_addr", 29 0;
E_0x136fbe0 .event posedge, v0x1380ac0_0;
S_0x137d5b0 .scope module, "inst" "inst_memory" 2 31, 2 1 0, S_0x1378f60;
 .timescale 0 0;
    .port_info 0 /INPUT 1 "clk"
    .port_info 1 /INPUT 30 "read_addr"
    .port_info 2 /OUTPUT 32 "memout"
L_0x13a0fc0 .functor BUFZ 32, v0x13a0ba0_0, C4<00000000000000000000000000000000>, C4<00000000000000000000000000000000>, C4<00000000000000000000000000000000>;
v0x1380ac0_0 .net "clk", 0 0, v0x13a0d50_0;  1 drivers
v0x139ab70_0 .net "memout", 31 0, L_0x13a0fc0;  alias, 1 drivers
v0x139ac50 .array "mymem", 598 0, 31 0;
v0x13a0ac0_0 .net "read_addr", 29 0, v0x13a0ec0_0;  1 drivers
v0x13a0ba0_0 .var "regout", 31 0;
v0x139ac50_0 .array/port v0x139ac50, 0;
v0x139ac50_1 .array/port v0x139ac50, 1;
v0x139ac50_2 .array/port v0x139ac50, 2;
E_0x1370380/0 .event edge, v0x13a0ac0_0, v0x139ac50_0, v0x139ac50_1, v0x139ac50_2;
v0x139ac50_3 .array/port v0x139ac50, 3;
v0x139ac50_4 .array/port v0x139ac50, 4;
v0x139ac50_5 .array/port v0x139ac50, 5;
v0x139ac50_6 .array/port v0x139ac50, 6;
E_0x1370380/1 .event edge, v0x139ac50_3, v0x139ac50_4, v0x139ac50_5, v0x139ac50_6;
v0x139ac50_7 .array/port v0x139ac50, 7;
v0x139ac50_8 .array/port v0x139ac50, 8;
v0x139ac50_9 .array/port v0x139ac50, 9;
v0x139ac50_10 .array/port v0x139ac50, 10;
E_0x1370380/2 .event edge, v0x139ac50_7, v0x139ac50_8, v0x139ac50_9, v0x139ac50_10;
v0x139ac50_11 .array/port v0x139ac50, 11;
v0x139ac50_12 .array/port v0x139ac50, 12;
v0x139ac50_13 .array/port v0x139ac50, 13;
v0x139ac50_14 .array/port v0x139ac50, 14;
E_0x1370380/3 .event edge, v0x139ac50_11, v0x139ac50_12, v0x139ac50_13, v0x139ac50_14;
v0x139ac50_15 .array/port v0x139ac50, 15;
v0x139ac50_16 .array/port v0x139ac50, 16;
v0x139ac50_17 .array/port v0x139ac50, 17;
v0x139ac50_18 .array/port v0x139ac50, 18;
E_0x1370380/4 .event edge, v0x139ac50_15, v0x139ac50_16, v0x139ac50_17, v0x139ac50_18;
v0x139ac50_19 .array/port v0x139ac50, 19;
v0x139ac50_20 .array/port v0x139ac50, 20;
v0x139ac50_21 .array/port v0x139ac50, 21;
v0x139ac50_22 .array/port v0x139ac50, 22;
E_0x1370380/5 .event edge, v0x139ac50_19, v0x139ac50_20, v0x139ac50_21, v0x139ac50_22;
v0x139ac50_23 .array/port v0x139ac50, 23;
v0x139ac50_24 .array/port v0x139ac50, 24;
v0x139ac50_25 .array/port v0x139ac50, 25;
v0x139ac50_26 .array/port v0x139ac50, 26;
E_0x1370380/6 .event edge, v0x139ac50_23, v0x139ac50_24, v0x139ac50_25, v0x139ac50_26;
v0x139ac50_27 .array/port v0x139ac50, 27;
v0x139ac50_28 .array/port v0x139ac50, 28;
v0x139ac50_29 .array/port v0x139ac50, 29;
v0x139ac50_30 .array/port v0x139ac50, 30;
E_0x1370380/7 .event edge, v0x139ac50_27, v0x139ac50_28, v0x139ac50_29, v0x139ac50_30;
v0x139ac50_31 .array/port v0x139ac50, 31;
v0x139ac50_32 .array/port v0x139ac50, 32;
v0x139ac50_33 .array/port v0x139ac50, 33;
v0x139ac50_34 .array/port v0x139ac50, 34;
E_0x1370380/8 .event edge, v0x139ac50_31, v0x139ac50_32, v0x139ac50_33, v0x139ac50_34;
v0x139ac50_35 .array/port v0x139ac50, 35;
v0x139ac50_36 .array/port v0x139ac50, 36;
v0x139ac50_37 .array/port v0x139ac50, 37;
v0x139ac50_38 .array/port v0x139ac50, 38;
E_0x1370380/9 .event edge, v0x139ac50_35, v0x139ac50_36, v0x139ac50_37, v0x139ac50_38;
v0x139ac50_39 .array/port v0x139ac50, 39;
v0x139ac50_40 .array/port v0x139ac50, 40;
v0x139ac50_41 .array/port v0x139ac50, 41;
v0x139ac50_42 .array/port v0x139ac50, 42;
E_0x1370380/10 .event edge, v0x139ac50_39, v0x139ac50_40, v0x139ac50_41, v0x139ac50_42;
v0x139ac50_43 .array/port v0x139ac50, 43;
v0x139ac50_44 .array/port v0x139ac50, 44;
v0x139ac50_45 .array/port v0x139ac50, 45;
v0x139ac50_46 .array/port v0x139ac50, 46;
E_0x1370380/11 .event edge, v0x139ac50_43, v0x139ac50_44, v0x139ac50_45, v0x139ac50_46;
v0x139ac50_47 .array/port v0x139ac50, 47;
v0x139ac50_48 .array/port v0x139ac50, 48;
v0x139ac50_49 .array/port v0x139ac50, 49;
v0x139ac50_50 .array/port v0x139ac50, 50;
E_0x1370380/12 .event edge, v0x139ac50_47, v0x139ac50_48, v0x139ac50_49, v0x139ac50_50;
v0x139ac50_51 .array/port v0x139ac50, 51;
v0x139ac50_52 .array/port v0x139ac50, 52;
v0x139ac50_53 .array/port v0x139ac50, 53;
v0x139ac50_54 .array/port v0x139ac50, 54;
E_0x1370380/13 .event edge, v0x139ac50_51, v0x139ac50_52, v0x139ac50_53, v0x139ac50_54;
v0x139ac50_55 .array/port v0x139ac50, 55;
v0x139ac50_56 .array/port v0x139ac50, 56;
v0x139ac50_57 .array/port v0x139ac50, 57;
v0x139ac50_58 .array/port v0x139ac50, 58;
E_0x1370380/14 .event edge, v0x139ac50_55, v0x139ac50_56, v0x139ac50_57, v0x139ac50_58;
v0x139ac50_59 .array/port v0x139ac50, 59;
v0x139ac50_60 .array/port v0x139ac50, 60;
v0x139ac50_61 .array/port v0x139ac50, 61;
v0x139ac50_62 .array/port v0x139ac50, 62;
E_0x1370380/15 .event edge, v0x139ac50_59, v0x139ac50_60, v0x139ac50_61, v0x139ac50_62;
v0x139ac50_63 .array/port v0x139ac50, 63;
v0x139ac50_64 .array/port v0x139ac50, 64;
v0x139ac50_65 .array/port v0x139ac50, 65;
v0x139ac50_66 .array/port v0x139ac50, 66;
E_0x1370380/16 .event edge, v0x139ac50_63, v0x139ac50_64, v0x139ac50_65, v0x139ac50_66;
v0x139ac50_67 .array/port v0x139ac50, 67;
v0x139ac50_68 .array/port v0x139ac50, 68;
v0x139ac50_69 .array/port v0x139ac50, 69;
v0x139ac50_70 .array/port v0x139ac50, 70;
E_0x1370380/17 .event edge, v0x139ac50_67, v0x139ac50_68, v0x139ac50_69, v0x139ac50_70;
v0x139ac50_71 .array/port v0x139ac50, 71;
v0x139ac50_72 .array/port v0x139ac50, 72;
v0x139ac50_73 .array/port v0x139ac50, 73;
v0x139ac50_74 .array/port v0x139ac50, 74;
E_0x1370380/18 .event edge, v0x139ac50_71, v0x139ac50_72, v0x139ac50_73, v0x139ac50_74;
v0x139ac50_75 .array/port v0x139ac50, 75;
v0x139ac50_76 .array/port v0x139ac50, 76;
v0x139ac50_77 .array/port v0x139ac50, 77;
v0x139ac50_78 .array/port v0x139ac50, 78;
E_0x1370380/19 .event edge, v0x139ac50_75, v0x139ac50_76, v0x139ac50_77, v0x139ac50_78;
v0x139ac50_79 .array/port v0x139ac50, 79;
v0x139ac50_80 .array/port v0x139ac50, 80;
v0x139ac50_81 .array/port v0x139ac50, 81;
v0x139ac50_82 .array/port v0x139ac50, 82;
E_0x1370380/20 .event edge, v0x139ac50_79, v0x139ac50_80, v0x139ac50_81, v0x139ac50_82;
v0x139ac50_83 .array/port v0x139ac50, 83;
v0x139ac50_84 .array/port v0x139ac50, 84;
v0x139ac50_85 .array/port v0x139ac50, 85;
v0x139ac50_86 .array/port v0x139ac50, 86;
E_0x1370380/21 .event edge, v0x139ac50_83, v0x139ac50_84, v0x139ac50_85, v0x139ac50_86;
v0x139ac50_87 .array/port v0x139ac50, 87;
v0x139ac50_88 .array/port v0x139ac50, 88;
v0x139ac50_89 .array/port v0x139ac50, 89;
v0x139ac50_90 .array/port v0x139ac50, 90;
E_0x1370380/22 .event edge, v0x139ac50_87, v0x139ac50_88, v0x139ac50_89, v0x139ac50_90;
v0x139ac50_91 .array/port v0x139ac50, 91;
v0x139ac50_92 .array/port v0x139ac50, 92;
v0x139ac50_93 .array/port v0x139ac50, 93;
v0x139ac50_94 .array/port v0x139ac50, 94;
E_0x1370380/23 .event edge, v0x139ac50_91, v0x139ac50_92, v0x139ac50_93, v0x139ac50_94;
v0x139ac50_95 .array/port v0x139ac50, 95;
v0x139ac50_96 .array/port v0x139ac50, 96;
v0x139ac50_97 .array/port v0x139ac50, 97;
v0x139ac50_98 .array/port v0x139ac50, 98;
E_0x1370380/24 .event edge, v0x139ac50_95, v0x139ac50_96, v0x139ac50_97, v0x139ac50_98;
v0x139ac50_99 .array/port v0x139ac50, 99;
v0x139ac50_100 .array/port v0x139ac50, 100;
v0x139ac50_101 .array/port v0x139ac50, 101;
v0x139ac50_102 .array/port v0x139ac50, 102;
E_0x1370380/25 .event edge, v0x139ac50_99, v0x139ac50_100, v0x139ac50_101, v0x139ac50_102;
v0x139ac50_103 .array/port v0x139ac50, 103;
v0x139ac50_104 .array/port v0x139ac50, 104;
v0x139ac50_105 .array/port v0x139ac50, 105;
v0x139ac50_106 .array/port v0x139ac50, 106;
E_0x1370380/26 .event edge, v0x139ac50_103, v0x139ac50_104, v0x139ac50_105, v0x139ac50_106;
v0x139ac50_107 .array/port v0x139ac50, 107;
v0x139ac50_108 .array/port v0x139ac50, 108;
v0x139ac50_109 .array/port v0x139ac50, 109;
v0x139ac50_110 .array/port v0x139ac50, 110;
E_0x1370380/27 .event edge, v0x139ac50_107, v0x139ac50_108, v0x139ac50_109, v0x139ac50_110;
v0x139ac50_111 .array/port v0x139ac50, 111;
v0x139ac50_112 .array/port v0x139ac50, 112;
v0x139ac50_113 .array/port v0x139ac50, 113;
v0x139ac50_114 .array/port v0x139ac50, 114;
E_0x1370380/28 .event edge, v0x139ac50_111, v0x139ac50_112, v0x139ac50_113, v0x139ac50_114;
v0x139ac50_115 .array/port v0x139ac50, 115;
v0x139ac50_116 .array/port v0x139ac50, 116;
v0x139ac50_117 .array/port v0x139ac50, 117;
v0x139ac50_118 .array/port v0x139ac50, 118;
E_0x1370380/29 .event edge, v0x139ac50_115, v0x139ac50_116, v0x139ac50_117, v0x139ac50_118;
v0x139ac50_119 .array/port v0x139ac50, 119;
v0x139ac50_120 .array/port v0x139ac50, 120;
v0x139ac50_121 .array/port v0x139ac50, 121;
v0x139ac50_122 .array/port v0x139ac50, 122;
E_0x1370380/30 .event edge, v0x139ac50_119, v0x139ac50_120, v0x139ac50_121, v0x139ac50_122;
v0x139ac50_123 .array/port v0x139ac50, 123;
v0x139ac50_124 .array/port v0x139ac50, 124;
v0x139ac50_125 .array/port v0x139ac50, 125;
v0x139ac50_126 .array/port v0x139ac50, 126;
E_0x1370380/31 .event edge, v0x139ac50_123, v0x139ac50_124, v0x139ac50_125, v0x139ac50_126;
v0x139ac50_127 .array/port v0x139ac50, 127;
v0x139ac50_128 .array/port v0x139ac50, 128;
v0x139ac50_129 .array/port v0x139ac50, 129;
v0x139ac50_130 .array/port v0x139ac50, 130;
E_0x1370380/32 .event edge, v0x139ac50_127, v0x139ac50_128, v0x139ac50_129, v0x139ac50_130;
v0x139ac50_131 .array/port v0x139ac50, 131;
v0x139ac50_132 .array/port v0x139ac50, 132;
v0x139ac50_133 .array/port v0x139ac50, 133;
v0x139ac50_134 .array/port v0x139ac50, 134;
E_0x1370380/33 .event edge, v0x139ac50_131, v0x139ac50_132, v0x139ac50_133, v0x139ac50_134;
v0x139ac50_135 .array/port v0x139ac50, 135;
v0x139ac50_136 .array/port v0x139ac50, 136;
v0x139ac50_137 .array/port v0x139ac50, 137;
v0x139ac50_138 .array/port v0x139ac50, 138;
E_0x1370380/34 .event edge, v0x139ac50_135, v0x139ac50_136, v0x139ac50_137, v0x139ac50_138;
v0x139ac50_139 .array/port v0x139ac50, 139;
v0x139ac50_140 .array/port v0x139ac50, 140;
v0x139ac50_141 .array/port v0x139ac50, 141;
v0x139ac50_142 .array/port v0x139ac50, 142;
E_0x1370380/35 .event edge, v0x139ac50_139, v0x139ac50_140, v0x139ac50_141, v0x139ac50_142;
v0x139ac50_143 .array/port v0x139ac50, 143;
v0x139ac50_144 .array/port v0x139ac50, 144;
v0x139ac50_145 .array/port v0x139ac50, 145;
v0x139ac50_146 .array/port v0x139ac50, 146;
E_0x1370380/36 .event edge, v0x139ac50_143, v0x139ac50_144, v0x139ac50_145, v0x139ac50_146;
v0x139ac50_147 .array/port v0x139ac50, 147;
v0x139ac50_148 .array/port v0x139ac50, 148;
v0x139ac50_149 .array/port v0x139ac50, 149;
v0x139ac50_150 .array/port v0x139ac50, 150;
E_0x1370380/37 .event edge, v0x139ac50_147, v0x139ac50_148, v0x139ac50_149, v0x139ac50_150;
v0x139ac50_151 .array/port v0x139ac50, 151;
v0x139ac50_152 .array/port v0x139ac50, 152;
v0x139ac50_153 .array/port v0x139ac50, 153;
v0x139ac50_154 .array/port v0x139ac50, 154;
E_0x1370380/38 .event edge, v0x139ac50_151, v0x139ac50_152, v0x139ac50_153, v0x139ac50_154;
v0x139ac50_155 .array/port v0x139ac50, 155;
v0x139ac50_156 .array/port v0x139ac50, 156;
v0x139ac50_157 .array/port v0x139ac50, 157;
v0x139ac50_158 .array/port v0x139ac50, 158;
E_0x1370380/39 .event edge, v0x139ac50_155, v0x139ac50_156, v0x139ac50_157, v0x139ac50_158;
v0x139ac50_159 .array/port v0x139ac50, 159;
v0x139ac50_160 .array/port v0x139ac50, 160;
v0x139ac50_161 .array/port v0x139ac50, 161;
v0x139ac50_162 .array/port v0x139ac50, 162;
E_0x1370380/40 .event edge, v0x139ac50_159, v0x139ac50_160, v0x139ac50_161, v0x139ac50_162;
v0x139ac50_163 .array/port v0x139ac50, 163;
v0x139ac50_164 .array/port v0x139ac50, 164;
v0x139ac50_165 .array/port v0x139ac50, 165;
v0x139ac50_166 .array/port v0x139ac50, 166;
E_0x1370380/41 .event edge, v0x139ac50_163, v0x139ac50_164, v0x139ac50_165, v0x139ac50_166;
v0x139ac50_167 .array/port v0x139ac50, 167;
v0x139ac50_168 .array/port v0x139ac50, 168;
v0x139ac50_169 .array/port v0x139ac50, 169;
v0x139ac50_170 .array/port v0x139ac50, 170;
E_0x1370380/42 .event edge, v0x139ac50_167, v0x139ac50_168, v0x139ac50_169, v0x139ac50_170;
v0x139ac50_171 .array/port v0x139ac50, 171;
v0x139ac50_172 .array/port v0x139ac50, 172;
v0x139ac50_173 .array/port v0x139ac50, 173;
v0x139ac50_174 .array/port v0x139ac50, 174;
E_0x1370380/43 .event edge, v0x139ac50_171, v0x139ac50_172, v0x139ac50_173, v0x139ac50_174;
v0x139ac50_175 .array/port v0x139ac50, 175;
v0x139ac50_176 .array/port v0x139ac50, 176;
v0x139ac50_177 .array/port v0x139ac50, 177;
v0x139ac50_178 .array/port v0x139ac50, 178;
E_0x1370380/44 .event edge, v0x139ac50_175, v0x139ac50_176, v0x139ac50_177, v0x139ac50_178;
v0x139ac50_179 .array/port v0x139ac50, 179;
v0x139ac50_180 .array/port v0x139ac50, 180;
v0x139ac50_181 .array/port v0x139ac50, 181;
v0x139ac50_182 .array/port v0x139ac50, 182;
E_0x1370380/45 .event edge, v0x139ac50_179, v0x139ac50_180, v0x139ac50_181, v0x139ac50_182;
v0x139ac50_183 .array/port v0x139ac50, 183;
v0x139ac50_184 .array/port v0x139ac50, 184;
v0x139ac50_185 .array/port v0x139ac50, 185;
v0x139ac50_186 .array/port v0x139ac50, 186;
E_0x1370380/46 .event edge, v0x139ac50_183, v0x139ac50_184, v0x139ac50_185, v0x139ac50_186;
v0x139ac50_187 .array/port v0x139ac50, 187;
v0x139ac50_188 .array/port v0x139ac50, 188;
v0x139ac50_189 .array/port v0x139ac50, 189;
v0x139ac50_190 .array/port v0x139ac50, 190;
E_0x1370380/47 .event edge, v0x139ac50_187, v0x139ac50_188, v0x139ac50_189, v0x139ac50_190;
v0x139ac50_191 .array/port v0x139ac50, 191;
v0x139ac50_192 .array/port v0x139ac50, 192;
v0x139ac50_193 .array/port v0x139ac50, 193;
v0x139ac50_194 .array/port v0x139ac50, 194;
E_0x1370380/48 .event edge, v0x139ac50_191, v0x139ac50_192, v0x139ac50_193, v0x139ac50_194;
v0x139ac50_195 .array/port v0x139ac50, 195;
v0x139ac50_196 .array/port v0x139ac50, 196;
v0x139ac50_197 .array/port v0x139ac50, 197;
v0x139ac50_198 .array/port v0x139ac50, 198;
E_0x1370380/49 .event edge, v0x139ac50_195, v0x139ac50_196, v0x139ac50_197, v0x139ac50_198;
v0x139ac50_199 .array/port v0x139ac50, 199;
v0x139ac50_200 .array/port v0x139ac50, 200;
v0x139ac50_201 .array/port v0x139ac50, 201;
v0x139ac50_202 .array/port v0x139ac50, 202;
E_0x1370380/50 .event edge, v0x139ac50_199, v0x139ac50_200, v0x139ac50_201, v0x139ac50_202;
v0x139ac50_203 .array/port v0x139ac50, 203;
v0x139ac50_204 .array/port v0x139ac50, 204;
v0x139ac50_205 .array/port v0x139ac50, 205;
v0x139ac50_206 .array/port v0x139ac50, 206;
E_0x1370380/51 .event edge, v0x139ac50_203, v0x139ac50_204, v0x139ac50_205, v0x139ac50_206;
v0x139ac50_207 .array/port v0x139ac50, 207;
v0x139ac50_208 .array/port v0x139ac50, 208;
v0x139ac50_209 .array/port v0x139ac50, 209;
v0x139ac50_210 .array/port v0x139ac50, 210;
E_0x1370380/52 .event edge, v0x139ac50_207, v0x139ac50_208, v0x139ac50_209, v0x139ac50_210;
v0x139ac50_211 .array/port v0x139ac50, 211;
v0x139ac50_212 .array/port v0x139ac50, 212;
v0x139ac50_213 .array/port v0x139ac50, 213;
v0x139ac50_214 .array/port v0x139ac50, 214;
E_0x1370380/53 .event edge, v0x139ac50_211, v0x139ac50_212, v0x139ac50_213, v0x139ac50_214;
v0x139ac50_215 .array/port v0x139ac50, 215;
v0x139ac50_216 .array/port v0x139ac50, 216;
v0x139ac50_217 .array/port v0x139ac50, 217;
v0x139ac50_218 .array/port v0x139ac50, 218;
E_0x1370380/54 .event edge, v0x139ac50_215, v0x139ac50_216, v0x139ac50_217, v0x139ac50_218;
v0x139ac50_219 .array/port v0x139ac50, 219;
v0x139ac50_220 .array/port v0x139ac50, 220;
v0x139ac50_221 .array/port v0x139ac50, 221;
v0x139ac50_222 .array/port v0x139ac50, 222;
E_0x1370380/55 .event edge, v0x139ac50_219, v0x139ac50_220, v0x139ac50_221, v0x139ac50_222;
v0x139ac50_223 .array/port v0x139ac50, 223;
v0x139ac50_224 .array/port v0x139ac50, 224;
v0x139ac50_225 .array/port v0x139ac50, 225;
v0x139ac50_226 .array/port v0x139ac50, 226;
E_0x1370380/56 .event edge, v0x139ac50_223, v0x139ac50_224, v0x139ac50_225, v0x139ac50_226;
v0x139ac50_227 .array/port v0x139ac50, 227;
v0x139ac50_228 .array/port v0x139ac50, 228;
v0x139ac50_229 .array/port v0x139ac50, 229;
v0x139ac50_230 .array/port v0x139ac50, 230;
E_0x1370380/57 .event edge, v0x139ac50_227, v0x139ac50_228, v0x139ac50_229, v0x139ac50_230;
v0x139ac50_231 .array/port v0x139ac50, 231;
v0x139ac50_232 .array/port v0x139ac50, 232;
v0x139ac50_233 .array/port v0x139ac50, 233;
v0x139ac50_234 .array/port v0x139ac50, 234;
E_0x1370380/58 .event edge, v0x139ac50_231, v0x139ac50_232, v0x139ac50_233, v0x139ac50_234;
v0x139ac50_235 .array/port v0x139ac50, 235;
v0x139ac50_236 .array/port v0x139ac50, 236;
v0x139ac50_237 .array/port v0x139ac50, 237;
v0x139ac50_238 .array/port v0x139ac50, 238;
E_0x1370380/59 .event edge, v0x139ac50_235, v0x139ac50_236, v0x139ac50_237, v0x139ac50_238;
v0x139ac50_239 .array/port v0x139ac50, 239;
v0x139ac50_240 .array/port v0x139ac50, 240;
v0x139ac50_241 .array/port v0x139ac50, 241;
v0x139ac50_242 .array/port v0x139ac50, 242;
E_0x1370380/60 .event edge, v0x139ac50_239, v0x139ac50_240, v0x139ac50_241, v0x139ac50_242;
v0x139ac50_243 .array/port v0x139ac50, 243;
v0x139ac50_244 .array/port v0x139ac50, 244;
v0x139ac50_245 .array/port v0x139ac50, 245;
v0x139ac50_246 .array/port v0x139ac50, 246;
E_0x1370380/61 .event edge, v0x139ac50_243, v0x139ac50_244, v0x139ac50_245, v0x139ac50_246;
v0x139ac50_247 .array/port v0x139ac50, 247;
v0x139ac50_248 .array/port v0x139ac50, 248;
v0x139ac50_249 .array/port v0x139ac50, 249;
v0x139ac50_250 .array/port v0x139ac50, 250;
E_0x1370380/62 .event edge, v0x139ac50_247, v0x139ac50_248, v0x139ac50_249, v0x139ac50_250;
v0x139ac50_251 .array/port v0x139ac50, 251;
v0x139ac50_252 .array/port v0x139ac50, 252;
v0x139ac50_253 .array/port v0x139ac50, 253;
v0x139ac50_254 .array/port v0x139ac50, 254;
E_0x1370380/63 .event edge, v0x139ac50_251, v0x139ac50_252, v0x139ac50_253, v0x139ac50_254;
v0x139ac50_255 .array/port v0x139ac50, 255;
v0x139ac50_256 .array/port v0x139ac50, 256;
v0x139ac50_257 .array/port v0x139ac50, 257;
v0x139ac50_258 .array/port v0x139ac50, 258;
E_0x1370380/64 .event edge, v0x139ac50_255, v0x139ac50_256, v0x139ac50_257, v0x139ac50_258;
v0x139ac50_259 .array/port v0x139ac50, 259;
v0x139ac50_260 .array/port v0x139ac50, 260;
v0x139ac50_261 .array/port v0x139ac50, 261;
v0x139ac50_262 .array/port v0x139ac50, 262;
E_0x1370380/65 .event edge, v0x139ac50_259, v0x139ac50_260, v0x139ac50_261, v0x139ac50_262;
v0x139ac50_263 .array/port v0x139ac50, 263;
v0x139ac50_264 .array/port v0x139ac50, 264;
v0x139ac50_265 .array/port v0x139ac50, 265;
v0x139ac50_266 .array/port v0x139ac50, 266;
E_0x1370380/66 .event edge, v0x139ac50_263, v0x139ac50_264, v0x139ac50_265, v0x139ac50_266;
v0x139ac50_267 .array/port v0x139ac50, 267;
v0x139ac50_268 .array/port v0x139ac50, 268;
v0x139ac50_269 .array/port v0x139ac50, 269;
v0x139ac50_270 .array/port v0x139ac50, 270;
E_0x1370380/67 .event edge, v0x139ac50_267, v0x139ac50_268, v0x139ac50_269, v0x139ac50_270;
v0x139ac50_271 .array/port v0x139ac50, 271;
v0x139ac50_272 .array/port v0x139ac50, 272;
v0x139ac50_273 .array/port v0x139ac50, 273;
v0x139ac50_274 .array/port v0x139ac50, 274;
E_0x1370380/68 .event edge, v0x139ac50_271, v0x139ac50_272, v0x139ac50_273, v0x139ac50_274;
v0x139ac50_275 .array/port v0x139ac50, 275;
v0x139ac50_276 .array/port v0x139ac50, 276;
v0x139ac50_277 .array/port v0x139ac50, 277;
v0x139ac50_278 .array/port v0x139ac50, 278;
E_0x1370380/69 .event edge, v0x139ac50_275, v0x139ac50_276, v0x139ac50_277, v0x139ac50_278;
v0x139ac50_279 .array/port v0x139ac50, 279;
v0x139ac50_280 .array/port v0x139ac50, 280;
v0x139ac50_281 .array/port v0x139ac50, 281;
v0x139ac50_282 .array/port v0x139ac50, 282;
E_0x1370380/70 .event edge, v0x139ac50_279, v0x139ac50_280, v0x139ac50_281, v0x139ac50_282;
v0x139ac50_283 .array/port v0x139ac50, 283;
v0x139ac50_284 .array/port v0x139ac50, 284;
v0x139ac50_285 .array/port v0x139ac50, 285;
v0x139ac50_286 .array/port v0x139ac50, 286;
E_0x1370380/71 .event edge, v0x139ac50_283, v0x139ac50_284, v0x139ac50_285, v0x139ac50_286;
v0x139ac50_287 .array/port v0x139ac50, 287;
v0x139ac50_288 .array/port v0x139ac50, 288;
v0x139ac50_289 .array/port v0x139ac50, 289;
v0x139ac50_290 .array/port v0x139ac50, 290;
E_0x1370380/72 .event edge, v0x139ac50_287, v0x139ac50_288, v0x139ac50_289, v0x139ac50_290;
v0x139ac50_291 .array/port v0x139ac50, 291;
v0x139ac50_292 .array/port v0x139ac50, 292;
v0x139ac50_293 .array/port v0x139ac50, 293;
v0x139ac50_294 .array/port v0x139ac50, 294;
E_0x1370380/73 .event edge, v0x139ac50_291, v0x139ac50_292, v0x139ac50_293, v0x139ac50_294;
v0x139ac50_295 .array/port v0x139ac50, 295;
v0x139ac50_296 .array/port v0x139ac50, 296;
v0x139ac50_297 .array/port v0x139ac50, 297;
v0x139ac50_298 .array/port v0x139ac50, 298;
E_0x1370380/74 .event edge, v0x139ac50_295, v0x139ac50_296, v0x139ac50_297, v0x139ac50_298;
v0x139ac50_299 .array/port v0x139ac50, 299;
v0x139ac50_300 .array/port v0x139ac50, 300;
v0x139ac50_301 .array/port v0x139ac50, 301;
v0x139ac50_302 .array/port v0x139ac50, 302;
E_0x1370380/75 .event edge, v0x139ac50_299, v0x139ac50_300, v0x139ac50_301, v0x139ac50_302;
v0x139ac50_303 .array/port v0x139ac50, 303;
v0x139ac50_304 .array/port v0x139ac50, 304;
v0x139ac50_305 .array/port v0x139ac50, 305;
v0x139ac50_306 .array/port v0x139ac50, 306;
E_0x1370380/76 .event edge, v0x139ac50_303, v0x139ac50_304, v0x139ac50_305, v0x139ac50_306;
v0x139ac50_307 .array/port v0x139ac50, 307;
v0x139ac50_308 .array/port v0x139ac50, 308;
v0x139ac50_309 .array/port v0x139ac50, 309;
v0x139ac50_310 .array/port v0x139ac50, 310;
E_0x1370380/77 .event edge, v0x139ac50_307, v0x139ac50_308, v0x139ac50_309, v0x139ac50_310;
v0x139ac50_311 .array/port v0x139ac50, 311;
v0x139ac50_312 .array/port v0x139ac50, 312;
v0x139ac50_313 .array/port v0x139ac50, 313;
v0x139ac50_314 .array/port v0x139ac50, 314;
E_0x1370380/78 .event edge, v0x139ac50_311, v0x139ac50_312, v0x139ac50_313, v0x139ac50_314;
v0x139ac50_315 .array/port v0x139ac50, 315;
v0x139ac50_316 .array/port v0x139ac50, 316;
v0x139ac50_317 .array/port v0x139ac50, 317;
v0x139ac50_318 .array/port v0x139ac50, 318;
E_0x1370380/79 .event edge, v0x139ac50_315, v0x139ac50_316, v0x139ac50_317, v0x139ac50_318;
v0x139ac50_319 .array/port v0x139ac50, 319;
v0x139ac50_320 .array/port v0x139ac50, 320;
v0x139ac50_321 .array/port v0x139ac50, 321;
v0x139ac50_322 .array/port v0x139ac50, 322;
E_0x1370380/80 .event edge, v0x139ac50_319, v0x139ac50_320, v0x139ac50_321, v0x139ac50_322;
v0x139ac50_323 .array/port v0x139ac50, 323;
v0x139ac50_324 .array/port v0x139ac50, 324;
v0x139ac50_325 .array/port v0x139ac50, 325;
v0x139ac50_326 .array/port v0x139ac50, 326;
E_0x1370380/81 .event edge, v0x139ac50_323, v0x139ac50_324, v0x139ac50_325, v0x139ac50_326;
v0x139ac50_327 .array/port v0x139ac50, 327;
v0x139ac50_328 .array/port v0x139ac50, 328;
v0x139ac50_329 .array/port v0x139ac50, 329;
v0x139ac50_330 .array/port v0x139ac50, 330;
E_0x1370380/82 .event edge, v0x139ac50_327, v0x139ac50_328, v0x139ac50_329, v0x139ac50_330;
v0x139ac50_331 .array/port v0x139ac50, 331;
v0x139ac50_332 .array/port v0x139ac50, 332;
v0x139ac50_333 .array/port v0x139ac50, 333;
v0x139ac50_334 .array/port v0x139ac50, 334;
E_0x1370380/83 .event edge, v0x139ac50_331, v0x139ac50_332, v0x139ac50_333, v0x139ac50_334;
v0x139ac50_335 .array/port v0x139ac50, 335;
v0x139ac50_336 .array/port v0x139ac50, 336;
v0x139ac50_337 .array/port v0x139ac50, 337;
v0x139ac50_338 .array/port v0x139ac50, 338;
E_0x1370380/84 .event edge, v0x139ac50_335, v0x139ac50_336, v0x139ac50_337, v0x139ac50_338;
v0x139ac50_339 .array/port v0x139ac50, 339;
v0x139ac50_340 .array/port v0x139ac50, 340;
v0x139ac50_341 .array/port v0x139ac50, 341;
v0x139ac50_342 .array/port v0x139ac50, 342;
E_0x1370380/85 .event edge, v0x139ac50_339, v0x139ac50_340, v0x139ac50_341, v0x139ac50_342;
v0x139ac50_343 .array/port v0x139ac50, 343;
v0x139ac50_344 .array/port v0x139ac50, 344;
v0x139ac50_345 .array/port v0x139ac50, 345;
v0x139ac50_346 .array/port v0x139ac50, 346;
E_0x1370380/86 .event edge, v0x139ac50_343, v0x139ac50_344, v0x139ac50_345, v0x139ac50_346;
v0x139ac50_347 .array/port v0x139ac50, 347;
v0x139ac50_348 .array/port v0x139ac50, 348;
v0x139ac50_349 .array/port v0x139ac50, 349;
v0x139ac50_350 .array/port v0x139ac50, 350;
E_0x1370380/87 .event edge, v0x139ac50_347, v0x139ac50_348, v0x139ac50_349, v0x139ac50_350;
v0x139ac50_351 .array/port v0x139ac50, 351;
v0x139ac50_352 .array/port v0x139ac50, 352;
v0x139ac50_353 .array/port v0x139ac50, 353;
v0x139ac50_354 .array/port v0x139ac50, 354;
E_0x1370380/88 .event edge, v0x139ac50_351, v0x139ac50_352, v0x139ac50_353, v0x139ac50_354;
v0x139ac50_355 .array/port v0x139ac50, 355;
v0x139ac50_356 .array/port v0x139ac50, 356;
v0x139ac50_357 .array/port v0x139ac50, 357;
v0x139ac50_358 .array/port v0x139ac50, 358;
E_0x1370380/89 .event edge, v0x139ac50_355, v0x139ac50_356, v0x139ac50_357, v0x139ac50_358;
v0x139ac50_359 .array/port v0x139ac50, 359;
v0x139ac50_360 .array/port v0x139ac50, 360;
v0x139ac50_361 .array/port v0x139ac50, 361;
v0x139ac50_362 .array/port v0x139ac50, 362;
E_0x1370380/90 .event edge, v0x139ac50_359, v0x139ac50_360, v0x139ac50_361, v0x139ac50_362;
v0x139ac50_363 .array/port v0x139ac50, 363;
v0x139ac50_364 .array/port v0x139ac50, 364;
v0x139ac50_365 .array/port v0x139ac50, 365;
v0x139ac50_366 .array/port v0x139ac50, 366;
E_0x1370380/91 .event edge, v0x139ac50_363, v0x139ac50_364, v0x139ac50_365, v0x139ac50_366;
v0x139ac50_367 .array/port v0x139ac50, 367;
v0x139ac50_368 .array/port v0x139ac50, 368;
v0x139ac50_369 .array/port v0x139ac50, 369;
v0x139ac50_370 .array/port v0x139ac50, 370;
E_0x1370380/92 .event edge, v0x139ac50_367, v0x139ac50_368, v0x139ac50_369, v0x139ac50_370;
v0x139ac50_371 .array/port v0x139ac50, 371;
v0x139ac50_372 .array/port v0x139ac50, 372;
v0x139ac50_373 .array/port v0x139ac50, 373;
v0x139ac50_374 .array/port v0x139ac50, 374;
E_0x1370380/93 .event edge, v0x139ac50_371, v0x139ac50_372, v0x139ac50_373, v0x139ac50_374;
v0x139ac50_375 .array/port v0x139ac50, 375;
v0x139ac50_376 .array/port v0x139ac50, 376;
v0x139ac50_377 .array/port v0x139ac50, 377;
v0x139ac50_378 .array/port v0x139ac50, 378;
E_0x1370380/94 .event edge, v0x139ac50_375, v0x139ac50_376, v0x139ac50_377, v0x139ac50_378;
v0x139ac50_379 .array/port v0x139ac50, 379;
v0x139ac50_380 .array/port v0x139ac50, 380;
v0x139ac50_381 .array/port v0x139ac50, 381;
v0x139ac50_382 .array/port v0x139ac50, 382;
E_0x1370380/95 .event edge, v0x139ac50_379, v0x139ac50_380, v0x139ac50_381, v0x139ac50_382;
v0x139ac50_383 .array/port v0x139ac50, 383;
v0x139ac50_384 .array/port v0x139ac50, 384;
v0x139ac50_385 .array/port v0x139ac50, 385;
v0x139ac50_386 .array/port v0x139ac50, 386;
E_0x1370380/96 .event edge, v0x139ac50_383, v0x139ac50_384, v0x139ac50_385, v0x139ac50_386;
v0x139ac50_387 .array/port v0x139ac50, 387;
v0x139ac50_388 .array/port v0x139ac50, 388;
v0x139ac50_389 .array/port v0x139ac50, 389;
v0x139ac50_390 .array/port v0x139ac50, 390;
E_0x1370380/97 .event edge, v0x139ac50_387, v0x139ac50_388, v0x139ac50_389, v0x139ac50_390;
v0x139ac50_391 .array/port v0x139ac50, 391;
v0x139ac50_392 .array/port v0x139ac50, 392;
v0x139ac50_393 .array/port v0x139ac50, 393;
v0x139ac50_394 .array/port v0x139ac50, 394;
E_0x1370380/98 .event edge, v0x139ac50_391, v0x139ac50_392, v0x139ac50_393, v0x139ac50_394;
v0x139ac50_395 .array/port v0x139ac50, 395;
v0x139ac50_396 .array/port v0x139ac50, 396;
v0x139ac50_397 .array/port v0x139ac50, 397;
v0x139ac50_398 .array/port v0x139ac50, 398;
E_0x1370380/99 .event edge, v0x139ac50_395, v0x139ac50_396, v0x139ac50_397, v0x139ac50_398;
v0x139ac50_399 .array/port v0x139ac50, 399;
v0x139ac50_400 .array/port v0x139ac50, 400;
v0x139ac50_401 .array/port v0x139ac50, 401;
v0x139ac50_402 .array/port v0x139ac50, 402;
E_0x1370380/100 .event edge, v0x139ac50_399, v0x139ac50_400, v0x139ac50_401, v0x139ac50_402;
v0x139ac50_403 .array/port v0x139ac50, 403;
v0x139ac50_404 .array/port v0x139ac50, 404;
v0x139ac50_405 .array/port v0x139ac50, 405;
v0x139ac50_406 .array/port v0x139ac50, 406;
E_0x1370380/101 .event edge, v0x139ac50_403, v0x139ac50_404, v0x139ac50_405, v0x139ac50_406;
v0x139ac50_407 .array/port v0x139ac50, 407;
v0x139ac50_408 .array/port v0x139ac50, 408;
v0x139ac50_409 .array/port v0x139ac50, 409;
v0x139ac50_410 .array/port v0x139ac50, 410;
E_0x1370380/102 .event edge, v0x139ac50_407, v0x139ac50_408, v0x139ac50_409, v0x139ac50_410;
v0x139ac50_411 .array/port v0x139ac50, 411;
v0x139ac50_412 .array/port v0x139ac50, 412;
v0x139ac50_413 .array/port v0x139ac50, 413;
v0x139ac50_414 .array/port v0x139ac50, 414;
E_0x1370380/103 .event edge, v0x139ac50_411, v0x139ac50_412, v0x139ac50_413, v0x139ac50_414;
v0x139ac50_415 .array/port v0x139ac50, 415;
v0x139ac50_416 .array/port v0x139ac50, 416;
v0x139ac50_417 .array/port v0x139ac50, 417;
v0x139ac50_418 .array/port v0x139ac50, 418;
E_0x1370380/104 .event edge, v0x139ac50_415, v0x139ac50_416, v0x139ac50_417, v0x139ac50_418;
v0x139ac50_419 .array/port v0x139ac50, 419;
v0x139ac50_420 .array/port v0x139ac50, 420;
v0x139ac50_421 .array/port v0x139ac50, 421;
v0x139ac50_422 .array/port v0x139ac50, 422;
E_0x1370380/105 .event edge, v0x139ac50_419, v0x139ac50_420, v0x139ac50_421, v0x139ac50_422;
v0x139ac50_423 .array/port v0x139ac50, 423;
v0x139ac50_424 .array/port v0x139ac50, 424;
v0x139ac50_425 .array/port v0x139ac50, 425;
v0x139ac50_426 .array/port v0x139ac50, 426;
E_0x1370380/106 .event edge, v0x139ac50_423, v0x139ac50_424, v0x139ac50_425, v0x139ac50_426;
v0x139ac50_427 .array/port v0x139ac50, 427;
v0x139ac50_428 .array/port v0x139ac50, 428;
v0x139ac50_429 .array/port v0x139ac50, 429;
v0x139ac50_430 .array/port v0x139ac50, 430;
E_0x1370380/107 .event edge, v0x139ac50_427, v0x139ac50_428, v0x139ac50_429, v0x139ac50_430;
v0x139ac50_431 .array/port v0x139ac50, 431;
v0x139ac50_432 .array/port v0x139ac50, 432;
v0x139ac50_433 .array/port v0x139ac50, 433;
v0x139ac50_434 .array/port v0x139ac50, 434;
E_0x1370380/108 .event edge, v0x139ac50_431, v0x139ac50_432, v0x139ac50_433, v0x139ac50_434;
v0x139ac50_435 .array/port v0x139ac50, 435;
v0x139ac50_436 .array/port v0x139ac50, 436;
v0x139ac50_437 .array/port v0x139ac50, 437;
v0x139ac50_438 .array/port v0x139ac50, 438;
E_0x1370380/109 .event edge, v0x139ac50_435, v0x139ac50_436, v0x139ac50_437, v0x139ac50_438;
v0x139ac50_439 .array/port v0x139ac50, 439;
v0x139ac50_440 .array/port v0x139ac50, 440;
v0x139ac50_441 .array/port v0x139ac50, 441;
v0x139ac50_442 .array/port v0x139ac50, 442;
E_0x1370380/110 .event edge, v0x139ac50_439, v0x139ac50_440, v0x139ac50_441, v0x139ac50_442;
v0x139ac50_443 .array/port v0x139ac50, 443;
v0x139ac50_444 .array/port v0x139ac50, 444;
v0x139ac50_445 .array/port v0x139ac50, 445;
v0x139ac50_446 .array/port v0x139ac50, 446;
E_0x1370380/111 .event edge, v0x139ac50_443, v0x139ac50_444, v0x139ac50_445, v0x139ac50_446;
v0x139ac50_447 .array/port v0x139ac50, 447;
v0x139ac50_448 .array/port v0x139ac50, 448;
v0x139ac50_449 .array/port v0x139ac50, 449;
v0x139ac50_450 .array/port v0x139ac50, 450;
E_0x1370380/112 .event edge, v0x139ac50_447, v0x139ac50_448, v0x139ac50_449, v0x139ac50_450;
v0x139ac50_451 .array/port v0x139ac50, 451;
v0x139ac50_452 .array/port v0x139ac50, 452;
v0x139ac50_453 .array/port v0x139ac50, 453;
v0x139ac50_454 .array/port v0x139ac50, 454;
E_0x1370380/113 .event edge, v0x139ac50_451, v0x139ac50_452, v0x139ac50_453, v0x139ac50_454;
v0x139ac50_455 .array/port v0x139ac50, 455;
v0x139ac50_456 .array/port v0x139ac50, 456;
v0x139ac50_457 .array/port v0x139ac50, 457;
v0x139ac50_458 .array/port v0x139ac50, 458;
E_0x1370380/114 .event edge, v0x139ac50_455, v0x139ac50_456, v0x139ac50_457, v0x139ac50_458;
v0x139ac50_459 .array/port v0x139ac50, 459;
v0x139ac50_460 .array/port v0x139ac50, 460;
v0x139ac50_461 .array/port v0x139ac50, 461;
v0x139ac50_462 .array/port v0x139ac50, 462;
E_0x1370380/115 .event edge, v0x139ac50_459, v0x139ac50_460, v0x139ac50_461, v0x139ac50_462;
v0x139ac50_463 .array/port v0x139ac50, 463;
v0x139ac50_464 .array/port v0x139ac50, 464;
v0x139ac50_465 .array/port v0x139ac50, 465;
v0x139ac50_466 .array/port v0x139ac50, 466;
E_0x1370380/116 .event edge, v0x139ac50_463, v0x139ac50_464, v0x139ac50_465, v0x139ac50_466;
v0x139ac50_467 .array/port v0x139ac50, 467;
v0x139ac50_468 .array/port v0x139ac50, 468;
v0x139ac50_469 .array/port v0x139ac50, 469;
v0x139ac50_470 .array/port v0x139ac50, 470;
E_0x1370380/117 .event edge, v0x139ac50_467, v0x139ac50_468, v0x139ac50_469, v0x139ac50_470;
v0x139ac50_471 .array/port v0x139ac50, 471;
v0x139ac50_472 .array/port v0x139ac50, 472;
v0x139ac50_473 .array/port v0x139ac50, 473;
v0x139ac50_474 .array/port v0x139ac50, 474;
E_0x1370380/118 .event edge, v0x139ac50_471, v0x139ac50_472, v0x139ac50_473, v0x139ac50_474;
v0x139ac50_475 .array/port v0x139ac50, 475;
v0x139ac50_476 .array/port v0x139ac50, 476;
v0x139ac50_477 .array/port v0x139ac50, 477;
v0x139ac50_478 .array/port v0x139ac50, 478;
E_0x1370380/119 .event edge, v0x139ac50_475, v0x139ac50_476, v0x139ac50_477, v0x139ac50_478;
v0x139ac50_479 .array/port v0x139ac50, 479;
v0x139ac50_480 .array/port v0x139ac50, 480;
v0x139ac50_481 .array/port v0x139ac50, 481;
v0x139ac50_482 .array/port v0x139ac50, 482;
E_0x1370380/120 .event edge, v0x139ac50_479, v0x139ac50_480, v0x139ac50_481, v0x139ac50_482;
v0x139ac50_483 .array/port v0x139ac50, 483;
v0x139ac50_484 .array/port v0x139ac50, 484;
v0x139ac50_485 .array/port v0x139ac50, 485;
v0x139ac50_486 .array/port v0x139ac50, 486;
E_0x1370380/121 .event edge, v0x139ac50_483, v0x139ac50_484, v0x139ac50_485, v0x139ac50_486;
v0x139ac50_487 .array/port v0x139ac50, 487;
v0x139ac50_488 .array/port v0x139ac50, 488;
v0x139ac50_489 .array/port v0x139ac50, 489;
v0x139ac50_490 .array/port v0x139ac50, 490;
E_0x1370380/122 .event edge, v0x139ac50_487, v0x139ac50_488, v0x139ac50_489, v0x139ac50_490;
v0x139ac50_491 .array/port v0x139ac50, 491;
v0x139ac50_492 .array/port v0x139ac50, 492;
v0x139ac50_493 .array/port v0x139ac50, 493;
v0x139ac50_494 .array/port v0x139ac50, 494;
E_0x1370380/123 .event edge, v0x139ac50_491, v0x139ac50_492, v0x139ac50_493, v0x139ac50_494;
v0x139ac50_495 .array/port v0x139ac50, 495;
v0x139ac50_496 .array/port v0x139ac50, 496;
v0x139ac50_497 .array/port v0x139ac50, 497;
v0x139ac50_498 .array/port v0x139ac50, 498;
E_0x1370380/124 .event edge, v0x139ac50_495, v0x139ac50_496, v0x139ac50_497, v0x139ac50_498;
v0x139ac50_499 .array/port v0x139ac50, 499;
v0x139ac50_500 .array/port v0x139ac50, 500;
v0x139ac50_501 .array/port v0x139ac50, 501;
v0x139ac50_502 .array/port v0x139ac50, 502;
E_0x1370380/125 .event edge, v0x139ac50_499, v0x139ac50_500, v0x139ac50_501, v0x139ac50_502;
v0x139ac50_503 .array/port v0x139ac50, 503;
v0x139ac50_504 .array/port v0x139ac50, 504;
v0x139ac50_505 .array/port v0x139ac50, 505;
v0x139ac50_506 .array/port v0x139ac50, 506;
E_0x1370380/126 .event edge, v0x139ac50_503, v0x139ac50_504, v0x139ac50_505, v0x139ac50_506;
v0x139ac50_507 .array/port v0x139ac50, 507;
v0x139ac50_508 .array/port v0x139ac50, 508;
v0x139ac50_509 .array/port v0x139ac50, 509;
v0x139ac50_510 .array/port v0x139ac50, 510;
E_0x1370380/127 .event edge, v0x139ac50_507, v0x139ac50_508, v0x139ac50_509, v0x139ac50_510;
v0x139ac50_511 .array/port v0x139ac50, 511;
v0x139ac50_512 .array/port v0x139ac50, 512;
v0x139ac50_513 .array/port v0x139ac50, 513;
v0x139ac50_514 .array/port v0x139ac50, 514;
E_0x1370380/128 .event edge, v0x139ac50_511, v0x139ac50_512, v0x139ac50_513, v0x139ac50_514;
v0x139ac50_515 .array/port v0x139ac50, 515;
v0x139ac50_516 .array/port v0x139ac50, 516;
v0x139ac50_517 .array/port v0x139ac50, 517;
v0x139ac50_518 .array/port v0x139ac50, 518;
E_0x1370380/129 .event edge, v0x139ac50_515, v0x139ac50_516, v0x139ac50_517, v0x139ac50_518;
v0x139ac50_519 .array/port v0x139ac50, 519;
v0x139ac50_520 .array/port v0x139ac50, 520;
v0x139ac50_521 .array/port v0x139ac50, 521;
v0x139ac50_522 .array/port v0x139ac50, 522;
E_0x1370380/130 .event edge, v0x139ac50_519, v0x139ac50_520, v0x139ac50_521, v0x139ac50_522;
v0x139ac50_523 .array/port v0x139ac50, 523;
v0x139ac50_524 .array/port v0x139ac50, 524;
v0x139ac50_525 .array/port v0x139ac50, 525;
v0x139ac50_526 .array/port v0x139ac50, 526;
E_0x1370380/131 .event edge, v0x139ac50_523, v0x139ac50_524, v0x139ac50_525, v0x139ac50_526;
v0x139ac50_527 .array/port v0x139ac50, 527;
v0x139ac50_528 .array/port v0x139ac50, 528;
v0x139ac50_529 .array/port v0x139ac50, 529;
v0x139ac50_530 .array/port v0x139ac50, 530;
E_0x1370380/132 .event edge, v0x139ac50_527, v0x139ac50_528, v0x139ac50_529, v0x139ac50_530;
v0x139ac50_531 .array/port v0x139ac50, 531;
v0x139ac50_532 .array/port v0x139ac50, 532;
v0x139ac50_533 .array/port v0x139ac50, 533;
v0x139ac50_534 .array/port v0x139ac50, 534;
E_0x1370380/133 .event edge, v0x139ac50_531, v0x139ac50_532, v0x139ac50_533, v0x139ac50_534;
v0x139ac50_535 .array/port v0x139ac50, 535;
v0x139ac50_536 .array/port v0x139ac50, 536;
v0x139ac50_537 .array/port v0x139ac50, 537;
v0x139ac50_538 .array/port v0x139ac50, 538;
E_0x1370380/134 .event edge, v0x139ac50_535, v0x139ac50_536, v0x139ac50_537, v0x139ac50_538;
v0x139ac50_539 .array/port v0x139ac50, 539;
v0x139ac50_540 .array/port v0x139ac50, 540;
v0x139ac50_541 .array/port v0x139ac50, 541;
v0x139ac50_542 .array/port v0x139ac50, 542;
E_0x1370380/135 .event edge, v0x139ac50_539, v0x139ac50_540, v0x139ac50_541, v0x139ac50_542;
v0x139ac50_543 .array/port v0x139ac50, 543;
v0x139ac50_544 .array/port v0x139ac50, 544;
v0x139ac50_545 .array/port v0x139ac50, 545;
v0x139ac50_546 .array/port v0x139ac50, 546;
E_0x1370380/136 .event edge, v0x139ac50_543, v0x139ac50_544, v0x139ac50_545, v0x139ac50_546;
v0x139ac50_547 .array/port v0x139ac50, 547;
v0x139ac50_548 .array/port v0x139ac50, 548;
v0x139ac50_549 .array/port v0x139ac50, 549;
v0x139ac50_550 .array/port v0x139ac50, 550;
E_0x1370380/137 .event edge, v0x139ac50_547, v0x139ac50_548, v0x139ac50_549, v0x139ac50_550;
v0x139ac50_551 .array/port v0x139ac50, 551;
v0x139ac50_552 .array/port v0x139ac50, 552;
v0x139ac50_553 .array/port v0x139ac50, 553;
v0x139ac50_554 .array/port v0x139ac50, 554;
E_0x1370380/138 .event edge, v0x139ac50_551, v0x139ac50_552, v0x139ac50_553, v0x139ac50_554;
v0x139ac50_555 .array/port v0x139ac50, 555;
v0x139ac50_556 .array/port v0x139ac50, 556;
v0x139ac50_557 .array/port v0x139ac50, 557;
v0x139ac50_558 .array/port v0x139ac50, 558;
E_0x1370380/139 .event edge, v0x139ac50_555, v0x139ac50_556, v0x139ac50_557, v0x139ac50_558;
v0x139ac50_559 .array/port v0x139ac50, 559;
v0x139ac50_560 .array/port v0x139ac50, 560;
v0x139ac50_561 .array/port v0x139ac50, 561;
v0x139ac50_562 .array/port v0x139ac50, 562;
E_0x1370380/140 .event edge, v0x139ac50_559, v0x139ac50_560, v0x139ac50_561, v0x139ac50_562;
v0x139ac50_563 .array/port v0x139ac50, 563;
v0x139ac50_564 .array/port v0x139ac50, 564;
v0x139ac50_565 .array/port v0x139ac50, 565;
v0x139ac50_566 .array/port v0x139ac50, 566;
E_0x1370380/141 .event edge, v0x139ac50_563, v0x139ac50_564, v0x139ac50_565, v0x139ac50_566;
v0x139ac50_567 .array/port v0x139ac50, 567;
v0x139ac50_568 .array/port v0x139ac50, 568;
v0x139ac50_569 .array/port v0x139ac50, 569;
v0x139ac50_570 .array/port v0x139ac50, 570;
E_0x1370380/142 .event edge, v0x139ac50_567, v0x139ac50_568, v0x139ac50_569, v0x139ac50_570;
v0x139ac50_571 .array/port v0x139ac50, 571;
v0x139ac50_572 .array/port v0x139ac50, 572;
v0x139ac50_573 .array/port v0x139ac50, 573;
v0x139ac50_574 .array/port v0x139ac50, 574;
E_0x1370380/143 .event edge, v0x139ac50_571, v0x139ac50_572, v0x139ac50_573, v0x139ac50_574;
v0x139ac50_575 .array/port v0x139ac50, 575;
v0x139ac50_576 .array/port v0x139ac50, 576;
v0x139ac50_577 .array/port v0x139ac50, 577;
v0x139ac50_578 .array/port v0x139ac50, 578;
E_0x1370380/144 .event edge, v0x139ac50_575, v0x139ac50_576, v0x139ac50_577, v0x139ac50_578;
v0x139ac50_579 .array/port v0x139ac50, 579;
v0x139ac50_580 .array/port v0x139ac50, 580;
v0x139ac50_581 .array/port v0x139ac50, 581;
v0x139ac50_582 .array/port v0x139ac50, 582;
E_0x1370380/145 .event edge, v0x139ac50_579, v0x139ac50_580, v0x139ac50_581, v0x139ac50_582;
v0x139ac50_583 .array/port v0x139ac50, 583;
v0x139ac50_584 .array/port v0x139ac50, 584;
v0x139ac50_585 .array/port v0x139ac50, 585;
v0x139ac50_586 .array/port v0x139ac50, 586;
E_0x1370380/146 .event edge, v0x139ac50_583, v0x139ac50_584, v0x139ac50_585, v0x139ac50_586;
v0x139ac50_587 .array/port v0x139ac50, 587;
v0x139ac50_588 .array/port v0x139ac50, 588;
v0x139ac50_589 .array/port v0x139ac50, 589;
v0x139ac50_590 .array/port v0x139ac50, 590;
E_0x1370380/147 .event edge, v0x139ac50_587, v0x139ac50_588, v0x139ac50_589, v0x139ac50_590;
v0x139ac50_591 .array/port v0x139ac50, 591;
v0x139ac50_592 .array/port v0x139ac50, 592;
v0x139ac50_593 .array/port v0x139ac50, 593;
v0x139ac50_594 .array/port v0x139ac50, 594;
E_0x1370380/148 .event edge, v0x139ac50_591, v0x139ac50_592, v0x139ac50_593, v0x139ac50_594;
v0x139ac50_595 .array/port v0x139ac50, 595;
v0x139ac50_596 .array/port v0x139ac50, 596;
v0x139ac50_597 .array/port v0x139ac50, 597;
v0x139ac50_598 .array/port v0x139ac50, 598;
E_0x1370380/149 .event edge, v0x139ac50_595, v0x139ac50_596, v0x139ac50_597, v0x139ac50_598;
E_0x1370380/150 .event edge, v0x13a0ba0_0;
E_0x1370380 .event/or E_0x1370380/0, E_0x1370380/1, E_0x1370380/2, E_0x1370380/3, E_0x1370380/4, E_0x1370380/5, E_0x1370380/6, E_0x1370380/7, E_0x1370380/8, E_0x1370380/9, E_0x1370380/10, E_0x1370380/11, E_0x1370380/12, E_0x1370380/13, E_0x1370380/14, E_0x1370380/15, E_0x1370380/16, E_0x1370380/17, E_0x1370380/18, E_0x1370380/19, E_0x1370380/20, E_0x1370380/21, E_0x1370380/22, E_0x1370380/23, E_0x1370380/24, E_0x1370380/25, E_0x1370380/26, E_0x1370380/27, E_0x1370380/28, E_0x1370380/29, E_0x1370380/30, E_0x1370380/31, E_0x1370380/32, E_0x1370380/33, E_0x1370380/34, E_0x1370380/35, E_0x1370380/36, E_0x1370380/37, E_0x1370380/38, E_0x1370380/39, E_0x1370380/40, E_0x1370380/41, E_0x1370380/42, E_0x1370380/43, E_0x1370380/44, E_0x1370380/45, E_0x1370380/46, E_0x1370380/47, E_0x1370380/48, E_0x1370380/49, E_0x1370380/50, E_0x1370380/51, E_0x1370380/52, E_0x1370380/53, E_0x1370380/54, E_0x1370380/55, E_0x1370380/56, E_0x1370380/57, E_0x1370380/58, E_0x1370380/59, E_0x1370380/60, E_0x1370380/61, E_0x1370380/62, E_0x1370380/63, E_0x1370380/64, E_0x1370380/65, E_0x1370380/66, E_0x1370380/67, E_0x1370380/68, E_0x1370380/69, E_0x1370380/70, E_0x1370380/71, E_0x1370380/72, E_0x1370380/73, E_0x1370380/74, E_0x1370380/75, E_0x1370380/76, E_0x1370380/77, E_0x1370380/78, E_0x1370380/79, E_0x1370380/80, E_0x1370380/81, E_0x1370380/82, E_0x1370380/83, E_0x1370380/84, E_0x1370380/85, E_0x1370380/86, E_0x1370380/87, E_0x1370380/88, E_0x1370380/89, E_0x1370380/90, E_0x1370380/91, E_0x1370380/92, E_0x1370380/93, E_0x1370380/94, E_0x1370380/95, E_0x1370380/96, E_0x1370380/97, E_0x1370380/98, E_0x1370380/99, E_0x1370380/100, E_0x1370380/101, E_0x1370380/102, E_0x1370380/103, E_0x1370380/104, E_0x1370380/105, E_0x1370380/106, E_0x1370380/107, E_0x1370380/108, E_0x1370380/109, E_0x1370380/110, E_0x1370380/111, E_0x1370380/112, E_0x1370380/113, E_0x1370380/114, E_0x1370380/115, E_0x1370380/116, E_0x1370380/117, E_0x1370380/118, E_0x1370380/119, E_0x1370380/120, E_0x1370380/121, E_0x1370380/122, E_0x1370380/123, E_0x1370380/124, E_0x1370380/125, E_0x1370380/126, E_0x1370380/127, E_0x1370380/128, E_0x1370380/129, E_0x1370380/130, E_0x1370380/131, E_0x1370380/132, E_0x1370380/133, E_0x1370380/134, E_0x1370380/135, E_0x1370380/136, E_0x1370380/137, E_0x1370380/138, E_0x1370380/139, E_0x1370380/140, E_0x1370380/141, E_0x1370380/142, E_0x1370380/143, E_0x1370380/144, E_0x1370380/145, E_0x1370380/146, E_0x1370380/147, E_0x1370380/148, E_0x1370380/149, E_0x1370380/150;
    .scope S_0x137d5b0;
T_0 ;
    %vpi_call 2 11 "$readmemh", "add_test.data", v0x139ac50 {0 0 0};
    %end;
    .thread T_0;
    .scope S_0x137d5b0;
T_1 ;
    %wait E_0x1370380;
    %ix/getv 4, v0x13a0ac0_0;
    %load/vec4a v0x139ac50, 4;
    %store/vec4 v0x13a0ba0_0, 0, 32;
    %load/vec4 v0x13a0ba0_0;
    %cmpi/e 0, 0, 32;
    %jmp/0xz  T_1.0, 4;
    %vpi_call 2 17 "$strobe", "Found null op at addr %08x.", v0x13a0ac0_0 {0 0 0};
    %vpi_call 2 18 "$finish" {0 0 0};
T_1.0 ;
    %jmp T_1;
    .thread T_1, $push;
    .scope S_0x1378f60;
T_2 ;
    %load/vec4 v0x13a0d50_0;
    %inv;
    %assign/vec4 v0x13a0d50_0, 0;
    %delay 5, 0;
    %jmp T_2;
    .thread T_2;
    .scope S_0x1378f60;
T_3 ;
    %vpi_call 2 35 "$monitor", "read_addr = %h, memout = %h", v0x13a0ec0_0, v0x13a0df0_0 {0 0 0};
    %pushi/vec4 0, 0, 30;
    %assign/vec4 v0x13a0ec0_0, 0;
    %pushi/vec4 0, 0, 1;
    %assign/vec4 v0x13a0d50_0, 0;
    %wait E_0x136fbe0;
    %pushi/vec4 8, 0, 30;
    %assign/vec4 v0x13a0ec0_0, 0;
    %wait E_0x136fbe0;
    %pushi/vec4 9, 0, 30;
    %assign/vec4 v0x13a0ec0_0, 0;
    %wait E_0x136fbe0;
    %pushi/vec4 10, 0, 30;
    %assign/vec4 v0x13a0ec0_0, 0;
    %wait E_0x136fbe0;
    %pushi/vec4 12, 0, 30;
    %assign/vec4 v0x13a0ec0_0, 0;
    %wait E_0x136fbe0;
    %pushi/vec4 13, 0, 30;
    %assign/vec4 v0x13a0ec0_0, 0;
    %wait E_0x136fbe0;
    %pushi/vec4 14, 0, 30;
    %assign/vec4 v0x13a0ec0_0, 0;
    %wait E_0x136fbe0;
    %pushi/vec4 15, 0, 30;
    %assign/vec4 v0x13a0ec0_0, 0;
    %wait E_0x136fbe0;
    %pushi/vec4 16, 0, 30;
    %assign/vec4 v0x13a0ec0_0, 0;
    %wait E_0x136fbe0;
    %pushi/vec4 17, 0, 30;
    %assign/vec4 v0x13a0ec0_0, 0;
    %wait E_0x136fbe0;
    %pushi/vec4 18, 0, 30;
    %assign/vec4 v0x13a0ec0_0, 0;
    %wait E_0x136fbe0;
    %pushi/vec4 19, 0, 30;
    %assign/vec4 v0x13a0ec0_0, 0;
    %wait E_0x136fbe0;
    %pushi/vec4 20, 0, 30;
    %assign/vec4 v0x13a0ec0_0, 0;
    %end;
    .thread T_3;
# The file index is used to find the file name in the following table.
:file_names 3;
    "N/A";
    "<interactive>";
    "inst_memory.v";
