#! /usr/remote/bin/vvp
:ivl_version "10.1 (stable)";
:ivl_delay_selection "TYPICAL";
:vpi_time_precision + 0;
:vpi_module "system";
:vpi_module "vhdl_sys";
:vpi_module "v2005_math";
:vpi_module "va_math";
S_0x132c980 .scope module, "regitests" "regitests" 2 43;
 .timescale 0 0;
v0x1367c50_0 .var "clk", 0 0;
v0x1367d10_0 .net "data1", 31 0, L_0x1368310;  1 drivers
v0x1367de0_0 .net "data2", 31 0, L_0x13683d0;  1 drivers
v0x1367ee0_0 .var "reg1_addr", 4 0;
v0x1367fb0_0 .var "reg2_addr", 4 0;
v0x13680a0_0 .var "reg_write", 0 0;
v0x1368170_0 .var "write_data", 31 0;
v0x1368240_0 .var "write_reg", 4 0;
S_0x132c5a0 .scope module, "regi" "registers" 2 53, 2 1 0, S_0x132c980;
 .timescale 0 0;
    .port_info 0 /INPUT 1 "clk"
    .port_info 1 /INPUT 5 "read_reg_1"
    .port_info 2 /INPUT 5 "read_reg_2"
    .port_info 3 /INPUT 5 "write_reg"
    .port_info 4 /INPUT 32 "write_data"
    .port_info 5 /INPUT 1 "reg_write"
    .port_info 6 /OUTPUT 32 "read_data_1"
    .port_info 7 /OUTPUT 32 "read_data_2"
L_0x1368310 .functor BUFZ 32, v0x13671e0_0, C4<00000000000000000000000000000000>, C4<00000000000000000000000000000000>, C4<00000000000000000000000000000000>;
L_0x13683d0 .functor BUFZ 32, v0x13672c0_0, C4<00000000000000000000000000000000>, C4<00000000000000000000000000000000>, C4<00000000000000000000000000000000>;
v0x133ef90_0 .net "clk", 0 0, v0x1367c50_0;  1 drivers
v0x13671e0_0 .var "data1", 31 0;
v0x13672c0_0 .var "data2", 31 0;
v0x13673b0_0 .net "read_data_1", 31 0, L_0x1368310;  alias, 1 drivers
v0x1367490_0 .net "read_data_2", 31 0, L_0x13683d0;  alias, 1 drivers
v0x13675c0_0 .net "read_reg_1", 4 0, v0x1367ee0_0;  1 drivers
v0x13676a0_0 .net "read_reg_2", 4 0, v0x1367fb0_0;  1 drivers
v0x1367780_0 .net "reg_write", 0 0, v0x13680a0_0;  1 drivers
v0x1367840 .array "register_file", 0 31, 31 0;
v0x1367990_0 .net "write_data", 31 0, v0x1368170_0;  1 drivers
v0x1367a70_0 .net "write_reg", 4 0, v0x1368240_0;  1 drivers
E_0x1352ba0 .event negedge, v0x133ef90_0;
E_0x1351ef0 .event posedge, v0x133ef90_0;
    .scope S_0x132c5a0;
T_0 ;
    %pushi/vec4 4, 0, 32;
    %ix/load 4, 2, 0;
    %flag_set/imm 4, 0;
    %store/vec4a v0x1367840, 4, 0;
    %pushi/vec4 5, 0, 32;
    %ix/load 4, 3, 0;
    %flag_set/imm 4, 0;
    %store/vec4a v0x1367840, 4, 0;
    %end;
    .thread T_0;
    .scope S_0x132c5a0;
T_1 ;
    %wait E_0x1351ef0;
    %load/vec4 v0x1367780_0;
    %flag_set/vec4 8;
    %jmp/0xz  T_1.0, 8;
    %load/vec4 v0x1367990_0;
    %load/vec4 v0x1367a70_0;
    %pad/u 7;
    %ix/vec4 4;
    %store/vec4a v0x1367840, 4, 0;
T_1.0 ;
    %jmp T_1;
    .thread T_1;
    .scope S_0x132c5a0;
T_2 ;
    %wait E_0x1352ba0;
    %load/vec4 v0x13675c0_0;
    %pad/u 7;
    %ix/vec4 4;
    %load/vec4a v0x1367840, 4;
    %store/vec4 v0x13671e0_0, 0, 32;
    %load/vec4 v0x13675c0_0;
    %pad/u 7;
    %ix/vec4 4;
    %load/vec4a v0x1367840, 4;
    %store/vec4 v0x13672c0_0, 0, 32;
    %jmp T_2;
    .thread T_2;
    .scope S_0x132c980;
T_3 ;
    %load/vec4 v0x1367c50_0;
    %inv;
    %assign/vec4 v0x1367c50_0, 0;
    %delay 5, 0;
    %jmp T_3;
    .thread T_3;
    .scope S_0x132c980;
T_4 ;
    %vpi_call 2 69 "$monitor", "readdata1 = %d readdata2 = %d ", v0x1367d10_0, v0x1367de0_0 {0 0 0};
    %pushi/vec4 0, 0, 1;
    %assign/vec4 v0x1367c50_0, 0;
    %pushi/vec4 0, 0, 5;
    %assign/vec4 v0x1367ee0_0, 0;
    %pushi/vec4 0, 0, 5;
    %assign/vec4 v0x1367fb0_0, 0;
    %pushi/vec4 0, 0, 5;
    %assign/vec4 v0x1368240_0, 0;
    %pushi/vec4 0, 0, 32;
    %assign/vec4 v0x1368170_0, 0;
    %pushi/vec4 0, 0, 1;
    %assign/vec4 v0x13680a0_0, 0;
    %wait E_0x1351ef0;
    %pushi/vec4 8, 0, 5;
    %assign/vec4 v0x1368240_0, 0;
    %pushi/vec4 4, 0, 32;
    %assign/vec4 v0x1368170_0, 0;
    %pushi/vec4 1, 0, 1;
    %assign/vec4 v0x13680a0_0, 0;
    %wait E_0x1352ba0;
    %pushi/vec4 2, 0, 5;
    %assign/vec4 v0x1367ee0_0, 0;
    %pushi/vec4 8, 0, 5;
    %assign/vec4 v0x1367fb0_0, 0;
    %pushi/vec4 0, 0, 1;
    %assign/vec4 v0x13680a0_0, 0;
    %end;
    .thread T_4;
# The file index is used to find the file name in the following table.
:file_names 3;
    "N/A";
    "<interactive>";
    "registers.v";
